<?xml version="1.0" encoding="UTF-8"?>
<!-- Generated by org.testng.reporters.JUnitReportReporter -->
<testsuite skipped="0" hostname="Whizdom-Trainings" name="com.qtpselenium.hybrid.CreatePortfolioTest" tests="1" failures="0" timestamp="2021-01-04T21:28:37 IST" time="0.020" errors="0">
  <testcase name="createPortfolioTest" time="0.020" classname="com.qtpselenium.hybrid.CreatePortfolioTest"/>
  <system-out/>
</testsuite> <!-- com.qtpselenium.hybrid.CreatePortfolioTest -->
