<?xml version="1.0" encoding="UTF-8"?>
<!-- Generated by org.testng.reporters.JUnitReportReporter -->
<testsuite skipped="0" hostname="Whizdom-Trainings" name="com.qtpselenium.hybrid.SuiteA.CreatePortfolioTest" tests="2" failures="0" timestamp="2021-01-14T21:50:07 IST" time="21.923" errors="0">
  <testcase name="createPortfolioTest" time="9.276" classname="com.qtpselenium.hybrid.SuiteA.CreatePortfolioTest"/>
  <system-out/>
  <testcase name="createPortfolioTest" time="12.647" classname="com.qtpselenium.hybrid.SuiteA.CreatePortfolioTest"/>
  <system-out/>
</testsuite> <!-- com.qtpselenium.hybrid.SuiteA.CreatePortfolioTest -->
