<?xml version="1.0" encoding="UTF-8"?>
<!-- Generated by org.testng.reporters.JUnitReportReporter -->
<testsuite skipped="0" hostname="Whizdom-Trainings" name="com.qtpselenium.hybrid.LoginTest" tests="1" failures="0" timestamp="2021-01-04T21:28:49 IST" time="0.019" errors="0">
  <testcase name="loginTest" time="0.019" classname="com.qtpselenium.hybrid.LoginTest"/>
  <system-out/>
</testsuite> <!-- com.qtpselenium.hybrid.LoginTest -->
