<?xml version="1.0" encoding="UTF-8"?>
<!-- Generated by org.testng.reporters.JUnitReportReporter -->
<testsuite skipped="0" hostname="Whizdom-Trainings" name="com.qtpselenium.hybrid.SuiteA.CreatePortfolioTest" tests="2" failures="0" timestamp="2021-01-15T21:28:16 IST" time="27.659" errors="0">
  <testcase name="createPortfolioTest" time="13.536" classname="com.qtpselenium.hybrid.SuiteA.CreatePortfolioTest"/>
  <system-out/>
  <testcase name="createPortfolioTest" time="14.123" classname="com.qtpselenium.hybrid.SuiteA.CreatePortfolioTest"/>
  <system-out/>
</testsuite> <!-- com.qtpselenium.hybrid.SuiteA.CreatePortfolioTest -->
